SQL> SET PAGESIZE 130;
SQL> SELECT *
  2  FROM VISTA1;

       CAS A						      T 	  CUR	     CAR
---------- -------------------------------------------------- ---- ---------- ----------
	 1 BASES DE DATOS				      GII	    3	       7
	 2 INTELIGENCIA ARTIFICIAL			      GII	    3	       4
	 3 ALMACENES DE DATOS				      MII	    1	       7
	 4 MINERIA DE DATOS				      MII	    1	       7
	 5 INFORMATICA BASICA				      GII	    1	       7
	 6 ALGEBRA					      GII	    1	       1
	 7 CALCULO					      GII	    1	       8
	 8 OPTIMIZACION 				      GII	    1	       6
	 9 GESTION DE RIESGOS				      GII	    3	       4
	10 ASTRONOMIA					      GF	    2	       3
	11 ENSENANZA DE LA MATEMATICA			      GM	    2	       5
	12 ANALISIS COMPLEJO				      GM	    4	       2
	13 ESTADISTICA					      GII	    3	       6

13 rows selected.

SQL> SQL> SET PAGESIZE 130;
SQL> SELECT *
  2  FROM VISTA1;

       CAS A						      T 	  CUR	     CAR
---------- -------------------------------------------------- ---- ---------- ----------
	 1 BASES DE DATOS				      GII	    3	       7
	 2 INTELIGENCIA ARTIFICIAL			      GII	    3	       4
	 3 ALMACENES DE DATOS				      MII	    1	       7
	 4 MINERIA DE DATOS				      MII	    1	       7
	 5 INFORMATICA BASICA				      GII	    1	       7
	 6 ALGEBRA					      GII	    1	       1
	 7 CALCULO					      GII	    1	       8
	 8 OPTIMIZACION 				      GII	    1	       6
	 9 GESTION DE RIESGOS				      GII	    3	       4
	10 ASTRONOMIA					      GF	    2	       3
	11 ENSENANZA DE LA MATEMATICA			      GM	    2	       5
	12 ANALISIS COMPLEJO				      GM	    4	       2
	13 ESTADISTICA					      GII	    3	       6

13 rows selected.

SQL> 

SQL> SELECT *
  2  FROM VISTA1;

       CAS A						                                        T 	  CUR	     CAR
---------- -------------------------------------------------- ---- ---------- ----------
	 1 BASES DE DATOS				                                     GII	    3	       7
	 2 INTELIGENCIA ARTIFICIAL			                             GII	    3	       4
	 3 ALMACENES DE DATOS				                                 MII	    1	       7
	 4 MINERIA DE DATOS				                                   MII	    1	       7
	 5 INFORMATICA BASICA				                                 GII	    1	       7
	 6 ALGEBRA					                                         GII	    1	       1
	 7 CALCULO					                                         GII	    1	       8
	 8 OPTIMIZACION 				                                     GII	    1	       6
	 9 GESTION DE RIESGOS				                                 GII	    3	       4
	10 ASTRONOMIA					                                        GF	    2	       3
	11 ENSENANZA DE LA MATEMATICA			                            GM	    2	       5
	12 ANALISIS COMPLEJO				                                  GM	    4	       2
	13 ESTADISTICA					                                     GII	    3	       6

13 rows selected.


